<?xml version="1.0" encoding="UTF-8"?>
<!-- Generated by org.testng.reporters.JUnitReportReporter -->
<testsuite hostname="DESKTOP-S3M4KV8" failures="0" tests="2" name="testClasses.RegisterTest" time="2.108" errors="0" timestamp="2024-01-24T13:51:06 IST" skipped="0">
  <testcase classname="testClasses.RegisterTest" name="registerUser" time="1.732"/>
  <system-out/>
  <testcase classname="testClasses.RegisterTest" name="navToLoginPage" time="0.376"/>
  <system-out/>
</testsuite> <!-- testClasses.RegisterTest -->
